{"C:\\Users\\darkyne\\Development\\Vuekyne\\backend\\src\\server.ts": {"path":"C:\\Users\\darkyne\\Development\\Vuekyne\\backend\\src\\server.ts","statementMap":{"0":{"start":{"line":1,"column":0},"end":{"line":1,"column":65}},"1":{"start":{"line":3,"column":0},"end":{"line":3,"column":38}},"2":{"start":{"line":4,"column":0},"end":{"line":4,"column":50}},"3":{"start":{"line":7,"column":0},"end":{"line":7,"column":74}},"4":{"start":{"line":16,"column":8},"end":{"line":16,"column":29}},"5":{"start":{"line":17,"column":8},"end":{"line":17,"column":25}},"6":{"start":{"line":19,"column":8},"end":{"line":21,"column":10}},"7":{"start":{"line":22,"column":8},"end":{"line":22,"column":32}},"8":{"start":{"line":24,"column":8},"end":{"line":24,"column":29}},"9":{"start":{"line":25,"column":8},"end":{"line":25,"column":53}},"10":{"start":{"line":26,"column":8},"end":{"line":26,"column":52}},"11":{"start":{"line":28,"column":8},"end":{"line":28,"column":29}},"12":{"start":{"line":32,"column":19},"end":{"line":32,"column":28}},"13":{"start":{"line":33,"column":8},"end":{"line":35,"column":null}},"14":{"start":{"line":34,"column":12},"end":{"line":34,"column":55}},"15":{"start":{"line":37,"column":8},"end":{"line":37,"column":56}},"16":{"start":{"line":41,"column":8},"end":{"line":43,"column":null}},"17":{"start":{"line":42,"column":12},"end":{"line":42,"column":32}},"18":{"start":{"line":47,"column":8},"end":{"line":49,"column":null}},"19":{"start":{"line":48,"column":12},"end":{"line":48,"column":null}},"20":{"start":{"line":53,"column":8},"end":{"line":53,"column":37}},"21":{"start":{"line":57,"column":0},"end":{"line":57,"column":16}}},"fnMap":{"0":{"name":"(anonymous_7)","decl":{"start":{"line":15,"column":4},"end":{"line":15,"column":16}},"loc":{"start":{"line":15,"column":35},"end":{"line":29,"column":5}}},"1":{"name":"(anonymous_8)","decl":{"start":{"line":31,"column":11},"end":{"line":31,"column":22}},"loc":{"start":{"line":31,"column":42},"end":{"line":38,"column":5}}},"2":{"name":"(anonymous_9)","decl":{"start":{"line":33,"column":31},"end":{"line":33,"column":null}},"loc":{"start":{"line":33,"column":31},"end":{"line":35,"column":9}}},"3":{"name":"(anonymous_10)","decl":{"start":{"line":40,"column":11},"end":{"line":40,"column":21}},"loc":{"start":{"line":40,"column":21},"end":{"line":44,"column":5}}},"4":{"name":"(anonymous_11)","decl":{"start":{"line":46,"column":11},"end":{"line":46,"column":27}},"loc":{"start":{"line":46,"column":27},"end":{"line":50,"column":5}}},"5":{"name":"(anonymous_12)","decl":{"start":{"line":52,"column":11},"end":{"line":52,"column":22}},"loc":{"start":{"line":52,"column":22},"end":{"line":54,"column":5}}}},"branchMap":{"0":{"loc":{"start":{"line":15,"column":31},"end":{"line":15,"column":35}},"type":"default-arg","locations":[{"start":{"line":15,"column":31},"end":{"line":15,"column":35}}]},"1":{"loc":{"start":{"line":33,"column":19},"end":{"line":33,"column":27}},"type":"binary-expr","locations":[{"start":{"line":33,"column":19},"end":{"line":33,"column":27}},{"start":{"line":33,"column":31},"end":{"line":35,"column":9}}]},"2":{"loc":{"start":{"line":41,"column":8},"end":{"line":43,"column":null}},"type":"if","locations":[{"start":{"line":41,"column":8},"end":{"line":43,"column":null}},{"start":{"line":41,"column":8},"end":{"line":43,"column":null}}]}},"s":{"0":1,"1":1,"2":1,"3":1,"4":1,"5":1,"6":1,"7":1,"8":1,"9":1,"10":1,"11":1,"12":1,"13":1,"14":1,"15":1,"16":1,"17":1,"18":1,"19":1,"20":2,"21":1},"f":{"0":1,"1":1,"2":1,"3":1,"4":1,"5":2},"b":{"0":[0],"1":[1,1],"2":[1,0]}}
,"C:\\Users\\darkyne\\Development\\Vuekyne\\backend\\src\\config\\config.ts": {"path":"C:\\Users\\darkyne\\Development\\Vuekyne\\backend\\src\\config\\config.ts","statementMap":{"0":{"start":{"line":2,"column":0},"end":{"line":2,"column":28}},"1":{"start":{"line":4,"column":0},"end":{"line":6,"column":3}},"2":{"start":{"line":16,"column":8},"end":{"line":16,"column":54}},"3":{"start":{"line":17,"column":8},"end":{"line":17,"column":46}},"4":{"start":{"line":18,"column":8},"end":{"line":18,"column":53}},"5":{"start":{"line":19,"column":8},"end":{"line":19,"column":70}},"6":{"start":{"line":20,"column":8},"end":{"line":24,"column":null}},"7":{"start":{"line":28,"column":0},"end":{"line":28,"column":null}}},"fnMap":{"0":{"name":"(anonymous_1)","decl":{"start":{"line":15,"column":4},"end":{"line":15,"column":null}},"loc":{"start":{"line":15,"column":4},"end":{"line":25,"column":5}}}},"branchMap":{"0":{"loc":{"start":{"line":16,"column":24},"end":{"line":16,"column":44}},"type":"binary-expr","locations":[{"start":{"line":16,"column":24},"end":{"line":16,"column":44}},{"start":{"line":16,"column":48},"end":{"line":16,"column":53}}]},"1":{"loc":{"start":{"line":17,"column":20},"end":{"line":17,"column":37}},"type":"binary-expr","locations":[{"start":{"line":17,"column":20},"end":{"line":17,"column":37}},{"start":{"line":17,"column":41},"end":{"line":17,"column":45}}]},"2":{"loc":{"start":{"line":19,"column":32},"end":{"line":19,"column":61}},"type":"binary-expr","locations":[{"start":{"line":19,"column":32},"end":{"line":19,"column":61}},{"start":{"line":19,"column":65},"end":{"line":19,"column":69}}]}},"s":{"0":1,"1":1,"2":1,"3":1,"4":1,"5":1,"6":1,"7":1},"f":{"0":1},"b":{"0":[1,0],"1":[1,1],"2":[1,1]}}
,"C:\\Users\\darkyne\\Development\\Vuekyne\\backend\\src\\controllers\\controller.ts": {"path":"C:\\Users\\darkyne\\Development\\Vuekyne\\backend\\src\\controllers\\controller.ts","statementMap":{"0":{"start":{"line":1,"column":0},"end":{"line":1,"column":13}}},"fnMap":{},"branchMap":{},"s":{"0":1},"f":{},"b":{}}
,"C:\\Users\\darkyne\\Development\\Vuekyne\\backend\\src\\controllers\\githubRepo.controller.ts": {"path":"C:\\Users\\darkyne\\Development\\Vuekyne\\backend\\src\\controllers\\githubRepo.controller.ts","statementMap":{"0":{"start":{"line":1,"column":0},"end":{"line":1,"column":42}},"1":{"start":{"line":4,"column":0},"end":{"line":4,"column":54}},"2":{"start":{"line":5,"column":0},"end":{"line":5,"column":61}},"3":{"start":{"line":6,"column":0},"end":{"line":6,"column":41}},"4":{"start":{"line":7,"column":0},"end":{"line":7,"column":45}},"5":{"start":{"line":9,"column":18},"end":{"line":9,"column":57}},"6":{"start":{"line":10,"column":18},"end":{"line":10,"column":57}},"7":{"start":{"line":16,"column":21},"end":{"line":16,"column":110}},"8":{"start":{"line":16,"column":101},"end":{"line":16,"column":109}},"9":{"start":{"line":17,"column":19},"end":{"line":17,"column":38}},"10":{"start":{"line":18,"column":8},"end":{"line":18,"column":20}},"11":{"start":{"line":23,"column":29},"end":{"line":23,"column":121}},"12":{"start":{"line":23,"column":112},"end":{"line":23,"column":120}},"13":{"start":{"line":25,"column":8},"end":{"line":27,"column":12}},"14":{"start":{"line":25,"column":63},"end":{"line":27,"column":10}},"15":{"start":{"line":26,"column":12},"end":{"line":26,"column":95}},"16":{"start":{"line":29,"column":8},"end":{"line":29,"column":28}},"17":{"start":{"line":32,"column":18},"end":{"line":36,"column":null}},"18":{"start":{"line":32,"column":75},"end":{"line":36,"column":null}},"19":{"start":{"line":33,"column":21},"end":{"line":33,"column":94}},"20":{"start":{"line":35,"column":8},"end":{"line":35,"column":23}},"21":{"start":{"line":15,"column":4},"end":{"line":19,"column":null}},"22":{"start":{"line":22,"column":4},"end":{"line":30,"column":null}},"23":{"start":{"line":12,"column":0},"end":{"line":12,"column":13}}},"fnMap":{"0":{"name":"(anonymous_9)","decl":{"start":{"line":15,"column":14},"end":{"line":15,"column":20}},"loc":{"start":{"line":15,"column":61},"end":{"line":19,"column":null}}},"1":{"name":"(anonymous_11)","decl":{"start":{"line":16,"column":77},"end":{"line":16,"column":78}},"loc":{"start":{"line":16,"column":101},"end":{"line":16,"column":109}}},"2":{"name":"(anonymous_12)","decl":{"start":{"line":22,"column":14},"end":{"line":22,"column":20}},"loc":{"start":{"line":22,"column":54},"end":{"line":30,"column":null}}},"3":{"name":"(anonymous_14)","decl":{"start":{"line":23,"column":105},"end":{"line":23,"column":108}},"loc":{"start":{"line":23,"column":112},"end":{"line":23,"column":120}}},"4":{"name":"(anonymous_15)","decl":{"start":{"line":25,"column":43},"end":{"line":25,"column":49}},"loc":{"start":{"line":25,"column":63},"end":{"line":27,"column":10}}},"5":{"name":"(anonymous_16)","decl":{"start":{"line":25,"column":63},"end":{"line":25,"column":null}},"loc":{"start":{"line":25,"column":63},"end":{"line":27,"column":9}}},"6":{"name":"(anonymous_17)","decl":{"start":{"line":32,"column":38},"end":{"line":32,"column":44}},"loc":{"start":{"line":32,"column":75},"end":{"line":36,"column":null}}},"7":{"name":"(anonymous_18)","decl":{"start":{"line":32,"column":75},"end":{"line":32,"column":null}},"loc":{"start":{"line":32,"column":75},"end":{"line":36,"column":5}}}},"branchMap":{},"s":{"0":1,"1":1,"2":1,"3":1,"4":1,"5":1,"6":1,"7":0,"8":0,"9":0,"10":0,"11":0,"12":0,"13":0,"14":0,"15":0,"16":0,"17":1,"18":0,"19":0,"20":0,"21":1,"22":1,"23":1},"f":{"0":0,"1":0,"2":0,"3":0,"4":0,"5":0,"6":0,"7":0},"b":{}}
,"C:\\Users\\darkyne\\Development\\Vuekyne\\backend\\src\\middlewares\\middleware.ts": {"path":"C:\\Users\\darkyne\\Development\\Vuekyne\\backend\\src\\middlewares\\middleware.ts","statementMap":{"0":{"start":{"line":3,"column":0},"end":{"line":3,"column":13}}},"fnMap":{"0":{"name":"(anonymous_0)","decl":{"start":{"line":4,"column":11},"end":{"line":4,"column":26}},"loc":{"start":{"line":4,"column":74},"end":{"line":6,"column":5}}}},"branchMap":{},"s":{"0":1},"f":{"0":0},"b":{}}
,"C:\\Users\\darkyne\\Development\\Vuekyne\\backend\\src\\middlewares\\setHeaders.middleware.ts": {"path":"C:\\Users\\darkyne\\Development\\Vuekyne\\backend\\src\\middlewares\\setHeaders.middleware.ts","statementMap":{"0":{"start":{"line":1,"column":0},"end":{"line":1,"column":42}},"1":{"start":{"line":6,"column":8},"end":{"line":6,"column":41}},"2":{"start":{"line":7,"column":8},"end":{"line":7,"column":15}},"3":{"start":{"line":4,"column":0},"end":{"line":4,"column":13}}},"fnMap":{"0":{"name":"(anonymous_0)","decl":{"start":{"line":5,"column":11},"end":{"line":5,"column":26}},"loc":{"start":{"line":5,"column":74},"end":{"line":8,"column":5}}}},"branchMap":{},"s":{"0":1,"1":0,"2":0,"3":1},"f":{"0":0},"b":{}}
,"C:\\Users\\darkyne\\Development\\Vuekyne\\backend\\src\\routes\\github.router.ts": {"path":"C:\\Users\\darkyne\\Development\\Vuekyne\\backend\\src\\routes\\github.router.ts","statementMap":{"0":{"start":{"line":1,"column":0},"end":{"line":1,"column":66}},"1":{"start":{"line":2,"column":0},"end":{"line":2,"column":76}},"2":{"start":{"line":4,"column":21},"end":{"line":4,"column":29}},"3":{"start":{"line":6,"column":0},"end":{"line":6,"column":67}},"4":{"start":{"line":8,"column":0},"end":{"line":8,"column":22}}},"fnMap":{},"branchMap":{},"s":{"0":1,"1":1,"2":1,"3":1,"4":1},"f":{},"b":{}}
,"C:\\Users\\darkyne\\Development\\Vuekyne\\backend\\src\\routes\\masterRouter.router.ts": {"path":"C:\\Users\\darkyne\\Development\\Vuekyne\\backend\\src\\routes\\masterRouter.router.ts","statementMap":{"0":{"start":{"line":1,"column":0},"end":{"line":1,"column":33}},"1":{"start":{"line":2,"column":0},"end":{"line":2,"column":43}},"2":{"start":{"line":4,"column":15},"end":{"line":4,"column":23}},"3":{"start":{"line":6,"column":0},"end":{"line":6,"column":33}},"4":{"start":{"line":8,"column":0},"end":{"line":8,"column":16}}},"fnMap":{},"branchMap":{},"s":{"0":1,"1":1,"2":1,"3":1,"4":1},"f":{},"b":{}}
}
