TN:
SF:backend\src\server.ts
FN:15,(anonymous_7)
FN:31,(anonymous_8)
FN:33,(anonymous_9)
FN:40,(anonymous_10)
FN:46,(anonymous_11)
FN:52,(anonymous_12)
FNF:6
FNH:6
FNDA:2,(anonymous_7)
FNDA:1,(anonymous_8)
FNDA:1,(anonymous_9)
FNDA:1,(anonymous_10)
FNDA:2,(anonymous_11)
FNDA:2,(anonymous_12)
DA:1,1
DA:3,1
DA:4,1
DA:7,1
DA:16,2
DA:17,2
DA:19,2
DA:22,2
DA:24,2
DA:25,2
DA:26,2
DA:28,2
DA:32,1
DA:33,1
DA:34,1
DA:37,1
DA:41,1
DA:42,1
DA:47,2
DA:48,2
DA:53,2
DA:57,1
LF:22
LH:22
BRDA:15,0,0,1
BRDA:33,1,0,1
BRDA:33,1,1,1
BRDA:41,2,0,1
BRDA:41,2,1,0
BRF:5
BRH:4
end_of_record
TN:
SF:backend\src\config\config.ts
FN:15,(anonymous_1)
FNF:1
FNH:1
FNDA:1,(anonymous_1)
DA:2,1
DA:4,1
DA:16,1
DA:17,1
DA:18,1
DA:19,1
DA:20,1
DA:28,1
LF:8
LH:8
BRDA:16,0,0,1
BRDA:16,0,1,0
BRDA:17,1,0,1
BRDA:17,1,1,1
BRDA:19,2,0,1
BRDA:19,2,1,1
BRF:6
BRH:5
end_of_record
TN:
SF:backend\src\controllers\controller.ts
FNF:0
FNH:0
DA:1,1
LF:1
LH:1
BRF:0
BRH:0
end_of_record
TN:
SF:backend\src\controllers\githubRepo.controller.ts
FN:15,(anonymous_9)
FN:16,(anonymous_11)
FN:22,(anonymous_12)
FN:23,(anonymous_14)
FN:25,(anonymous_15)
FN:25,(anonymous_16)
FN:32,(anonymous_17)
FN:32,(anonymous_18)
FNF:8
FNH:3
FNDA:0,(anonymous_9)
FNDA:0,(anonymous_11)
FNDA:1,(anonymous_12)
FNDA:0,(anonymous_14)
FNDA:0,(anonymous_15)
FNDA:0,(anonymous_16)
FNDA:1,(anonymous_17)
FNDA:1,(anonymous_18)
DA:1,1
DA:4,1
DA:5,1
DA:6,1
DA:7,1
DA:9,1
DA:10,1
DA:12,1
DA:15,1
DA:16,0
DA:17,0
DA:18,0
DA:22,1
DA:23,1
DA:25,0
DA:26,0
DA:29,0
DA:32,1
DA:33,1
DA:35,0
LF:20
LH:13
BRF:0
BRH:0
end_of_record
TN:
SF:backend\src\middlewares\middleware.ts
FN:4,(anonymous_0)
FNF:1
FNH:0
FNDA:0,(anonymous_0)
DA:3,1
LF:1
LH:1
BRF:0
BRH:0
end_of_record
TN:
SF:backend\src\middlewares\setHeaders.middleware.ts
FN:5,(anonymous_0)
FNF:1
FNH:1
FNDA:1,(anonymous_0)
DA:1,1
DA:4,1
DA:6,1
DA:7,1
LF:4
LH:4
BRF:0
BRH:0
end_of_record
TN:
SF:backend\src\routes\github.routes.ts
FNF:0
FNH:0
DA:1,1
DA:2,1
DA:4,1
DA:6,1
DA:8,1
LF:5
LH:5
BRF:0
BRH:0
end_of_record
TN:
SF:backend\src\routes\masterRouter.routes.ts
FNF:0
FNH:0
DA:1,1
DA:2,1
DA:4,1
DA:6,1
DA:8,1
LF:5
LH:5
BRF:0
BRH:0
end_of_record
